<?xml version="1.0" encoding="UTF-8"?>
<!-- Generated by org.testng.reporters.JUnitReportReporter -->
<testsuite skipped="0" hostname="admin-PC" name="TestScript.LoginPageTestCase_01" tests="1" failures="0" timestamp="2022-06-08T16:11:52 IST" time="15.760" errors="0">
  <testcase name="login" time="15.760" classname="TestScript.LoginPageTestCase_01"/>
  <system-out/>
</testsuite> <!-- TestScript.LoginPageTestCase_01 -->
